INFO: 24-04-03 14:57:03: config_utils.py:74 ---------------- Infer Arguments ----------------
INFO: 24-04-03 14:57:03: config_utils.py:77 COMMON:
INFO: 24-04-03 14:57:03: config_utils.py:79     fps:5
INFO: 24-04-03 14:57:03: config_utils.py:79     use_gpu:True
INFO: 24-04-03 14:57:03: config_utils.py:79     label_dic:/home/work/inference/configs/index_label_football_8.json
INFO: 24-04-03 14:57:03: config_utils.py:79     PCM_ONLY:False
INFO: 24-04-03 14:57:03: config_utils.py:79     DEBUG:False
INFO: 24-04-03 14:57:03: config_utils.py:79     BMN_ONLY:False
INFO: 24-04-03 14:57:03: config_utils.py:79     LSTM_ONLY:False
INFO: 24-04-03 14:57:03: config_utils.py:77 PPTSM:
INFO: 24-04-03 14:57:03: config_utils.py:79     name:PPTSM
INFO: 24-04-03 14:57:03: config_utils.py:79     model_file:/home/work/inference/checkpoints/ppTSM/ppTSM.pdmodel
INFO: 24-04-03 14:57:03: config_utils.py:79     params_file:/home/work/inference/checkpoints/ppTSM/ppTSM.pdiparams
INFO: 24-04-03 14:57:03: config_utils.py:79     gpu_mem:8000
INFO: 24-04-03 14:57:03: config_utils.py:79     device_id:0
INFO: 24-04-03 14:57:03: config_utils.py:79     seg_num:8
INFO: 24-04-03 14:57:03: config_utils.py:79     seglen:1
INFO: 24-04-03 14:57:03: config_utils.py:79     short_size:256
INFO: 24-04-03 14:57:03: config_utils.py:79     target_size:224
INFO: 24-04-03 14:57:03: config_utils.py:79     batch_size:32
INFO: 24-04-03 14:57:03: config_utils.py:79     image_mean:[0.485, 0.456, 0.406]
INFO: 24-04-03 14:57:03: config_utils.py:79     image_std:[0.229, 0.224, 0.225]
INFO: 24-04-03 14:57:03: config_utils.py:79     reader_threads:12
INFO: 24-04-03 14:57:03: config_utils.py:79     buf_size:1024
INFO: 24-04-03 14:57:03: config_utils.py:77 AUDIO:
INFO: 24-04-03 14:57:03: config_utils.py:79     name:AUDIO
INFO: 24-04-03 14:57:03: config_utils.py:79     model_file:/home/work/inference/checkpoints/AUDIO/__model__
INFO: 24-04-03 14:57:03: config_utils.py:79     params_file:/home/work/inference/checkpoints/AUDIO/__param__
INFO: 24-04-03 14:57:03: config_utils.py:79     gpu_mem:8000
INFO: 24-04-03 14:57:03: config_utils.py:79     device_id:0
INFO: 24-04-03 14:57:03: config_utils.py:79     sample_rate:16000
INFO: 24-04-03 14:57:03: config_utils.py:79     batch_size:32
INFO: 24-04-03 14:57:03: config_utils.py:77 BMN:
INFO: 24-04-03 14:57:03: config_utils.py:79     name:BMN
INFO: 24-04-03 14:57:03: config_utils.py:79     model_file:/home/work/inference/checkpoints/BMN/__model__
INFO: 24-04-03 14:57:03: config_utils.py:79     params_file:/home/work/inference/checkpoints/BMN/__param__
INFO: 24-04-03 14:57:03: config_utils.py:79     gpu_mem:8000
INFO: 24-04-03 14:57:03: config_utils.py:79     device_id:0
INFO: 24-04-03 14:57:03: config_utils.py:79     window_step:200
INFO: 24-04-03 14:57:03: config_utils.py:79     tscale:200
INFO: 24-04-03 14:57:03: config_utils.py:79     dscale:200
INFO: 24-04-03 14:57:03: config_utils.py:79     batch_size:8
INFO: 24-04-03 14:57:03: config_utils.py:79     nms_thread:0.7
INFO: 24-04-03 14:57:03: config_utils.py:79     score_thread:0.03
INFO: 24-04-03 14:57:03: config_utils.py:77 ACTION:
INFO: 24-04-03 14:57:03: config_utils.py:79     name:ACTION
INFO: 24-04-03 14:57:03: config_utils.py:79     model_file:/home/work/inference/checkpoints/LSTM/__model__
INFO: 24-04-03 14:57:03: config_utils.py:79     params_file:/home/work/inference/checkpoints/LSTM/__param__
INFO: 24-04-03 14:57:03: config_utils.py:79     gpu_mem:8000
INFO: 24-04-03 14:57:03: config_utils.py:79     device_id:0
INFO: 24-04-03 14:57:03: config_utils.py:79     batch_size:32
INFO: 24-04-03 14:57:03: config_utils.py:79     topk:1
INFO: 24-04-03 14:57:03: config_utils.py:79     nms_thread:0.01
INFO: 24-04-03 14:57:03: config_utils.py:79     nms_offset:10
INFO: 24-04-03 14:57:03: config_utils.py:79     classify_score_thread:0.05
INFO: 24-04-03 14:57:03: config_utils.py:79     iou_score_thread:0.1
INFO: 24-04-03 14:57:03: config_utils.py:80 -------------------------------------------------
INFO: 24-04-03 14:57:03: action.py:35 function [load_model] processing ...
